<?xml version="1.0" encoding="UTF-8"?>
<!-- Generated by org.testng.reporters.JUnitXMLReporter -->
<testsuite hostname="Satarupa" ignored="0" tests="1" failures="1" timestamp="2020-10-10T21:43:01 IST" time="10.835" errors="0">
  <testcase name="Login" time="0.022" classname="Ex_5">
    <failure type="junit.framework.ComparisonFailure" message="expected:&amp;lt;Facebook [– log in or sign u]p&amp;gt; but was:&amp;lt;Facebook [- login or signU]p&amp;gt;">
      <![CDATA[junit.framework.ComparisonFailure: expected:<Facebook [– log in or sign u]p> but was:<Facebook [- login or signU]p>
at junit.framework.Assert.assertEquals(Assert.java:100)
at junit.framework.Assert.assertEquals(Assert.java:107)
at Ex_5.Login(Ex_5.java:24)
at java.util.ArrayList.forEach(ArrayList.java:1257)
... Removed 27 stack frames]]>
    </failure>
  </testcase> <!-- Login -->
</testsuite>
