<?xml version="1.0" encoding="UTF-8"?>
<testng-results skipped="0" failed="0" ignored="0" total="4" passed="4">
  <reporter-output>
  </reporter-output>
  <suite name="Suite" duration-ms="118300" started-at="2020-10-11T13:01:32 IST" finished-at="2020-10-11T13:03:30 IST">
    <groups>
      <group name="regression">
        <method signature="Ex_4.Login()[pri:3, instance:Ex_4@6a41eaa2]" name="Login" class="Ex_4"/>
      </group> <!-- regression -->
      <group name="sanity">
        <method signature="Ex_5.Login()[pri:0, instance:Ex_5@7cd62f43]" name="Login" class="Ex_5"/>
      </group> <!-- sanity -->
    </groups>
    <test name="Test" duration-ms="118300" started-at="2020-10-11T13:01:32 IST" finished-at="2020-10-11T13:03:30 IST">
      <class name="Ex_5">
        <test-method status="PASS" signature="Setup()[pri:0, instance:Ex_5@7cd62f43]" name="Setup" is-config="true" duration-ms="15918" started-at="2020-10-11T13:02:44 IST" finished-at="2020-10-11T13:03:00 IST">
          <reporter-output>
          </reporter-output>
        </test-method> <!-- Setup -->
        <test-method status="PASS" signature="Login()[pri:0, instance:Ex_5@7cd62f43]" name="Login" duration-ms="17" started-at="2020-10-11T13:03:00 IST" finished-at="2020-10-11T13:03:00 IST">
          <reporter-output>
          </reporter-output>
        </test-method> <!-- Login -->
        <test-method status="PASS" signature="TearDown()[pri:0, instance:Ex_5@7cd62f43]" name="TearDown" is-config="true" duration-ms="29765" started-at="2020-10-11T13:03:00 IST" finished-at="2020-10-11T13:03:30 IST">
          <reporter-output>
          </reporter-output>
        </test-method> <!-- TearDown -->
      </class> <!-- Ex_5 -->
      <class name="Ex_4">
        <test-method status="PASS" signature="Setup()[pri:1, instance:Ex_4@6a41eaa2]" name="Setup" duration-ms="63518" started-at="2020-10-11T13:01:32 IST" finished-at="2020-10-11T13:02:35 IST">
          <reporter-output>
          </reporter-output>
        </test-method> <!-- Setup -->
        <test-method status="PASS" signature="Login()[pri:3, instance:Ex_4@6a41eaa2]" name="Login" duration-ms="6744" started-at="2020-10-11T13:02:35 IST" finished-at="2020-10-11T13:02:42 IST">
          <reporter-output>
          </reporter-output>
        </test-method> <!-- Login -->
        <test-method status="PASS" signature="TearDown()[pri:3, instance:Ex_4@6a41eaa2]" name="TearDown" duration-ms="2175" started-at="2020-10-11T13:02:42 IST" finished-at="2020-10-11T13:02:44 IST">
          <reporter-output>
          </reporter-output>
        </test-method> <!-- TearDown -->
      </class> <!-- Ex_4 -->
    </test> <!-- Test -->
  </suite> <!-- Suite -->
</testng-results>
