<?xml version="1.0" encoding="UTF-8"?>
<testng-results skipped="0" failed="0" ignored="0" total="4" passed="4">
  <reporter-output>
  </reporter-output>
  <suite name="Suite" duration-ms="18304" started-at="2020-10-11T11:42:06 IST" finished-at="2020-10-11T11:42:24 IST">
    <groups>
      <group name="regression">
        <method signature="Ex_4.Login()[pri:3, instance:Ex_4@91161c7]" name="Login" class="Ex_4"/>
      </group> <!-- regression -->
      <group name="sanity">
        <method signature="Ex_5.Login()[pri:0, instance:Ex_5@604ed9f0]" name="Login" class="Ex_5"/>
      </group> <!-- sanity -->
    </groups>
    <test name="Test" duration-ms="18304" started-at="2020-10-11T11:42:06 IST" finished-at="2020-10-11T11:42:24 IST">
      <class name="Ex_5">
        <test-method status="PASS" signature="Setup()[pri:0, instance:Ex_5@604ed9f0]" name="Setup" is-config="true" duration-ms="7104" started-at="2020-10-11T11:42:16 IST" finished-at="2020-10-11T11:42:23 IST">
          <reporter-output>
          </reporter-output>
        </test-method> <!-- Setup -->
        <test-method status="PASS" signature="Login()[pri:0, instance:Ex_5@604ed9f0]" name="Login" duration-ms="22" started-at="2020-10-11T11:42:23 IST" finished-at="2020-10-11T11:42:23 IST">
          <reporter-output>
          </reporter-output>
        </test-method> <!-- Login -->
        <test-method status="PASS" signature="TearDown()[pri:0, instance:Ex_5@604ed9f0]" name="TearDown" is-config="true" duration-ms="1054" started-at="2020-10-11T11:42:23 IST" finished-at="2020-10-11T11:42:24 IST">
          <reporter-output>
          </reporter-output>
        </test-method> <!-- TearDown -->
      </class> <!-- Ex_5 -->
      <class name="Ex_4">
        <test-method status="PASS" signature="Setup()[pri:1, instance:Ex_4@91161c7]" name="Setup" duration-ms="8476" started-at="2020-10-11T11:42:06 IST" finished-at="2020-10-11T11:42:14 IST">
          <reporter-output>
          </reporter-output>
        </test-method> <!-- Setup -->
        <test-method status="PASS" signature="Login()[pri:3, instance:Ex_4@91161c7]" name="Login" duration-ms="835" started-at="2020-10-11T11:42:14 IST" finished-at="2020-10-11T11:42:15 IST">
          <reporter-output>
          </reporter-output>
        </test-method> <!-- Login -->
        <test-method status="PASS" signature="TearDown()[pri:3, instance:Ex_4@91161c7]" name="TearDown" duration-ms="738" started-at="2020-10-11T11:42:15 IST" finished-at="2020-10-11T11:42:16 IST">
          <reporter-output>
          </reporter-output>
        </test-method> <!-- TearDown -->
      </class> <!-- Ex_4 -->
    </test> <!-- Test -->
  </suite> <!-- Suite -->
</testng-results>
